<?xml version="1.0" encoding="UTF-8"?>
<!-- Generated by org.testng.reporters.JUnitXMLReporter -->
<testsuite hostname="welcome-PC" ignored="0" name="Test1" tests="2" failures="0" timestamp="10 Aug 2020 07:55:11 GMT" time="0.034" errors="0">
  <testcase name="@BeforeTest setUpScenario" time="0.001" classname="util.RunCukes">
    <failure type="java.lang.IllegalArgumentException" message="Check browser namefirefox">
      <![CDATA[java.lang.IllegalArgumentException: Check browser namefirefox
at util.Driver.loadBrowser(Driver.java:41)
at util.RunCukes.setUpScenario(RunCukes.java:30)
... Removed 27 stack frames]]>
    </failure>
  </testcase> <!-- @BeforeTest setUpScenario -->
  <testcase name="@AfterTest tearDown" time="0.0" classname="util.RunCukes">
    <skipped/>
  </testcase> <!-- @AfterTest tearDown -->
  <testcase name="runScenario" time="0.0" classname="io.cucumber.testng.AbstractTestNGCucumberTests">
    <skipped/>
  </testcase> <!-- runScenario -->
  <testcase name="runScenario" time="0.0" classname="io.cucumber.testng.AbstractTestNGCucumberTests">
    <skipped/>
  </testcase> <!-- runScenario -->
</testsuite> <!-- Test1 -->
